#
# There is insufficient memory for the Java Runtime Environment to continue.
# Native memory allocation (malloc) failed to allocate 32784 bytes for Chunk::new
# Possible reasons:
#   The system is out of physical RAM or swap space
#   In 32 bit mode, the process size limit was hit
# Possible solutions:
#   Reduce memory load on the system
#   Increase physical memory or swap space
#   Check if swap backing store is full
#   Use 64 bit Java on a 64 bit OS
#   Decrease Java heap size (-Xmx/-Xms)
#   Decrease number of Java threads
#   Decrease Java thread stack sizes (-Xss)
#   Set larger code cache with -XX:ReservedCodeCacheSize=
# This output file may be truncated or incomplete.
#
#  Out of Memory Error (allocation.cpp:390), pid=26720, tid=28128
#
# JRE version: Java(TM) SE Runtime Environment (8.0_31-b13) (build 1.8.0_31-b13)
# Java VM: Java HotSpot(TM) 64-Bit Server VM (25.31-b07 mixed mode windows-amd64 compressed oops)
# Failed to write core dump. Minidumps are not enabled by default on client versions of Windows
#

---------------  T H R E A D  ---------------

Current thread (0x00000000566da800):  JavaThread "C2 CompilerThread1" daemon [_thread_in_native, id=28128, stack(0x00000000570d0000,0x00000000571d0000)]

Stack: [0x00000000570d0000,0x00000000571d0000]
Native frames: (J=compiled Java code, j=interpreted, Vv=VM code, C=native code)
V  [jvm.dll+0x3169ba]


Current CompileTask:
C2: 220207 10616       4      
[error occurred during error reporting (printing current compile task), id 0xe0000001]


---------------  P R O C E S S  ---------------

Java Threads: ( => current thread )
  0x000000005b84f800 JavaThread "Stdin handler" [_thread_blocked, id=25400, stack(0x0000000059950000,0x0000000059a50000)]
  0x000000005b84c800 JavaThread "Daemon worker Thread 2" [_thread_in_vm, id=18580, stack(0x00000000597a0000,0x00000000598a0000)]
  0x000000005b84d000 JavaThread "Cancel handler" [_thread_blocked, id=24324, stack(0x00000000595a0000,0x00000000596a0000)]
  0x000000005b84b800 JavaThread "Handler for socket connection from /127.0.0.1:53077 to /127.0.0.1:53751" [_thread_in_native, id=26920, stack(0x0000000058de0000,0x0000000058ee0000)]
  0x000000005b848800 JavaThread "Daemon Thread 2" [_thread_blocked, id=22620, stack(0x00000000571f0000,0x00000000572f0000)]
  0x000000005a3b2000 JavaThread "File lock request listener" [_thread_in_native, id=27996, stack(0x00000000593a0000,0x00000000594a0000)]
  0x0000000057eea000 JavaThread "Incoming local TCP Connector on port 53077" [_thread_in_native, id=29196, stack(0x0000000059010000,0x0000000059110000)]
  0x000000005675f000 JavaThread "Service Thread" daemon [_thread_blocked, id=29276, stack(0x0000000056af0000,0x0000000056bf0000)]
  0x00000000566dc800 JavaThread "C1 CompilerThread2" daemon [_thread_blocked, id=27356, stack(0x00000000564b0000,0x00000000565b0000)]
=>0x00000000566da800 JavaThread "C2 CompilerThread1" daemon [_thread_in_native, id=28128, stack(0x00000000570d0000,0x00000000571d0000)]
  0x00000000566cb800 JavaThread "C2 CompilerThread0" daemon [_thread_in_native, id=21948, stack(0x0000000056f40000,0x0000000057040000)]
  0x00000000566ca800 JavaThread "Attach Listener" daemon [_thread_blocked, id=13364, stack(0x0000000056e10000,0x0000000056f10000)]
  0x0000000055183000 JavaThread "Signal Dispatcher" daemon [_thread_blocked, id=28252, stack(0x0000000056c10000,0x0000000056d10000)]
  0x0000000055128800 JavaThread "Finalizer" daemon [_thread_blocked, id=28360, stack(0x00000000565c0000,0x00000000566c0000)]
  0x0000000055120000 JavaThread "Reference Handler" daemon [_thread_blocked, id=26224, stack(0x0000000056390000,0x0000000056490000)]
  0x000000000035f000 JavaThread "main" [_thread_blocked, id=29216, stack(0x0000000002640000,0x0000000002740000)]

Other Threads:
  0x000000005511c800 VMThread [stack: 0x00000000561e0000,0x00000000562e0000] [id=25988]
  0x0000000056761000 WatcherThread [stack: 0x0000000057340000,0x0000000057440000] [id=29016]

VM state:not at safepoint (normal execution)

VM Mutex/Monitor currently owned by a thread: None

Heap:
 PSYoungGen      total 243200K, used 103401K [0x00000000eab00000, 0x00000000fb780000, 0x0000000100000000)
  eden space 215040K, 34% used [0x00000000eab00000,0x00000000ef47ec60,0x00000000f7d00000)
  from space 28160K, 99% used [0x00000000f7d00000,0x00000000f987bb80,0x00000000f9880000)
  to   space 25088K, 0% used [0x00000000f9880000,0x00000000f9880000,0x00000000fb100000)
 ParOldGen       total 137216K, used 86033K [0x00000000c0000000, 0x00000000c8600000, 0x00000000eab00000)
  object space 137216K, 62% used [0x00000000c0000000,0x00000000c5404418,0x00000000c8600000)
 Metaspace       used 90339K, capacity 94138K, committed 94336K, reserved 1130496K
  class space    used 11607K, capacity 13098K, committed 13184K, reserved 1048576K

Card table byte_map: [0x0000000011bf0000,0x0000000011e00000] byte_map_base: 0x00000000115f0000

Marking Bits: (ParMarkBitMap*) 0x0000000063c5d4f0
 Begin Bits: [0x0000000012590000, 0x0000000013590000)
 End Bits:   [0x0000000013590000, 0x0000000014590000)

Polling page: 0x00000000002d0000

CodeCache: size=245760Kb used=30988Kb max_used=30988Kb free=214771Kb
 bounds [0x0000000002830000, 0x0000000004690000, 0x0000000011830000]
 total_blobs=10045 nmethods=9312 adapters=642
 compilation: enabled

Compilation events (10 events):
Event: 220.078 Thread 0x00000000566dc800 10938       3       org.eclipse.jdt.internal.compiler.flow.UnconditionalFlowInfo::isDefinitelyAssigned (38 bytes)
Event: 220.078 Thread 0x00000000566dc800 nmethod 10938 0x0000000004689590 code [0x0000000004689700, 0x0000000004689948]
Event: 220.079 Thread 0x00000000566dc800 10939       3       org.eclipse.jdt.internal.compiler.ast.SingleNameReference::manageEnclosingInstanceAccessIfNecessary (102 bytes)
Event: 220.080 Thread 0x00000000566dc800 nmethod 10939 0x0000000004689a50 code [0x0000000004689be0, 0x000000000468a0a8]
Event: 220.081 Thread 0x00000000566dc800 10940       3       org.eclipse.jdt.internal.compiler.ast.Statement::complainIfUnreachable (94 bytes)
Event: 220.082 Thread 0x00000000566dc800 nmethod 10940 0x000000000468a1d0 code [0x000000000468a3c0, 0x000000000468ac78]
Event: 220.083 Thread 0x00000000566dc800 10941       3       org.eclipse.jdt.internal.compiler.parser.Parser::consumeInvocationExpression (1 bytes)
Event: 220.083 Thread 0x00000000566dc800 nmethod 10941 0x000000000468af10 code [0x000000000468b060, 0x000000000468b1b0]
Event: 220.083 Thread 0x00000000566dc800 10942       1       org.eclipse.jdt.internal.compiler.parser.Parser::getFirstToken (5 bytes)
Event: 220.083 Thread 0x00000000566dc800 nmethod 10942 0x000000000468b250 code [0x000000000468b3a0, 0x000000000468b4b0]

GC Heap History (10 events):
Event: 80.932 GC heap before
{Heap before GC invocations=17 (full 3):
 PSYoungGen      total 174592K, used 174580K [0x00000000eab00000, 0x00000000f8a80000, 0x0000000100000000)
  eden space 156160K, 100% used [0x00000000eab00000,0x00000000f4380000,0x00000000f4380000)
  from space 18432K, 99% used [0x00000000f4380000,0x00000000f557d3e0,0x00000000f5580000)
  to   space 20992K, 0% used [0x00000000f7600000,0x00000000f7600000,0x00000000f8a80000)
 ParOldGen       total 70144K, used 42116K [0x00000000c0000000, 0x00000000c4480000, 0x00000000eab00000)
  object space 70144K, 60% used [0x00000000c0000000,0x00000000c29212b0,0x00000000c4480000)
 Metaspace       used 59051K, capacity 61202K, committed 61440K, reserved 1101824K
  class space    used 8018K, capacity 8899K, committed 8960K, reserved 1048576K
Event: 81.045 GC heap after
Heap after GC invocations=17 (full 3):
 PSYoungGen      total 202752K, used 20989K [0x00000000eab00000, 0x00000000f9a00000, 0x0000000100000000)
  eden space 181760K, 0% used [0x00000000eab00000,0x00000000eab00000,0x00000000f5c80000)
  from space 20992K, 99% used [0x00000000f7600000,0x00000000f8a7f740,0x00000000f8a80000)
  to   space 26112K, 0% used [0x00000000f5c80000,0x00000000f5c80000,0x00000000f7600000)
 ParOldGen       total 70144K, used 47908K [0x00000000c0000000, 0x00000000c4480000, 0x00000000eab00000)
  object space 70144K, 68% used [0x00000000c0000000,0x00000000c2ec91c8,0x00000000c4480000)
 Metaspace       used 59051K, capacity 61202K, committed 61440K, reserved 1101824K
  class space    used 8018K, capacity 8899K, committed 8960K, reserved 1048576K
}
Event: 125.423 GC heap before
{Heap before GC invocations=18 (full 3):
 PSYoungGen      total 202752K, used 202749K [0x00000000eab00000, 0x00000000f9a00000, 0x0000000100000000)
  eden space 181760K, 100% used [0x00000000eab00000,0x00000000f5c80000,0x00000000f5c80000)
  from space 20992K, 99% used [0x00000000f7600000,0x00000000f8a7f740,0x00000000f8a80000)
  to   space 26112K, 0% used [0x00000000f5c80000,0x00000000f5c80000,0x00000000f7600000)
 ParOldGen       total 70144K, used 47908K [0x00000000c0000000, 0x00000000c4480000, 0x00000000eab00000)
  object space 70144K, 68% used [0x00000000c0000000,0x00000000c2ec91c8,0x00000000c4480000)
 Metaspace       used 66601K, capacity 69114K, committed 69248K, reserved 1110016K
  class space    used 8579K, capacity 9596K, committed 9600K, reserved 1048576K
Event: 125.549 GC heap after
Heap after GC invocations=18 (full 3):
 PSYoungGen      total 207872K, used 13055K [0x00000000eab00000, 0x00000000fb100000, 0x0000000100000000)
  eden space 181760K, 0% used [0x00000000eab00000,0x00000000eab00000,0x00000000f5c80000)
  from space 26112K, 49% used [0x00000000f5c80000,0x00000000f693fd78,0x00000000f7600000)
  to   space 25088K, 0% used [0x00000000f9880000,0x00000000f9880000,0x00000000fb100000)
 ParOldGen       total 70144K, used 65786K [0x00000000c0000000, 0x00000000c4480000, 0x00000000eab00000)
  object space 70144K, 93% used [0x00000000c0000000,0x00000000c403ebe8,0x00000000c4480000)
 Metaspace       used 66601K, capacity 69114K, committed 69248K, reserved 1110016K
  class space    used 8579K, capacity 9596K, committed 9600K, reserved 1048576K
}
Event: 125.549 GC heap before
{Heap before GC invocations=19 (full 4):
 PSYoungGen      total 207872K, used 13055K [0x00000000eab00000, 0x00000000fb100000, 0x0000000100000000)
  eden space 181760K, 0% used [0x00000000eab00000,0x00000000eab00000,0x00000000f5c80000)
  from space 26112K, 49% used [0x00000000f5c80000,0x00000000f693fd78,0x00000000f7600000)
  to   space 25088K, 0% used [0x00000000f9880000,0x00000000f9880000,0x00000000fb100000)
 ParOldGen       total 70144K, used 65786K [0x00000000c0000000, 0x00000000c4480000, 0x00000000eab00000)
  object space 70144K, 93% used [0x00000000c0000000,0x00000000c403ebe8,0x00000000c4480000)
 Metaspace       used 66601K, capacity 69114K, committed 69248K, reserved 1110016K
  class space    used 8579K, capacity 9596K, committed 9600K, reserved 1048576K
Event: 126.291 GC heap after
Heap after GC invocations=19 (full 4):
 PSYoungGen      total 207872K, used 1659K [0x00000000eab00000, 0x00000000fb100000, 0x0000000100000000)
  eden space 181760K, 0% used [0x00000000eab00000,0x00000000eab00000,0x00000000f5c80000)
  from space 26112K, 6% used [0x00000000f5c80000,0x00000000f5e1ef98,0x00000000f7600000)
  to   space 25088K, 0% used [0x00000000f9880000,0x00000000f9880000,0x00000000fb100000)
 ParOldGen       total 137216K, used 69697K [0x00000000c0000000, 0x00000000c8600000, 0x00000000eab00000)
  object space 137216K, 50% used [0x00000000c0000000,0x00000000c4410570,0x00000000c8600000)
 Metaspace       used 66601K, capacity 69114K, committed 69248K, reserved 1110016K
  class space    used 8579K, capacity 9596K, committed 9600K, reserved 1048576K
}
Event: 214.628 GC heap before
{Heap before GC invocations=20 (full 4):
 PSYoungGen      total 207872K, used 183419K [0x00000000eab00000, 0x00000000fb100000, 0x0000000100000000)
  eden space 181760K, 100% used [0x00000000eab00000,0x00000000f5c80000,0x00000000f5c80000)
  from space 26112K, 6% used [0x00000000f5c80000,0x00000000f5e1ef98,0x00000000f7600000)
  to   space 25088K, 0% used [0x00000000f9880000,0x00000000f9880000,0x00000000fb100000)
 ParOldGen       total 137216K, used 69697K [0x00000000c0000000, 0x00000000c8600000, 0x00000000eab00000)
  object space 137216K, 50% used [0x00000000c0000000,0x00000000c4410570,0x00000000c8600000)
 Metaspace       used 74421K, capacity 77432K, committed 77568K, reserved 1116160K
  class space    used 9702K, capacity 10895K, committed 11008K, reserved 1048576K
Event: 214.689 GC heap after
Heap after GC invocations=20 (full 4):
 PSYoungGen      total 240128K, used 23609K [0x00000000eab00000, 0x00000000fb780000, 0x0000000100000000)
  eden space 215040K, 0% used [0x00000000eab00000,0x00000000eab00000,0x00000000f7d00000)
  from space 25088K, 94% used [0x00000000f9880000,0x00000000faf8e770,0x00000000fb100000)
  to   space 28160K, 0% used [0x00000000f7d00000,0x00000000f7d00000,0x00000000f9880000)
 ParOldGen       total 137216K, used 69705K [0x00000000c0000000, 0x00000000c8600000, 0x00000000eab00000)
  object space 137216K, 50% used [0x00000000c0000000,0x00000000c4412570,0x00000000c8600000)
 Metaspace       used 74421K, capacity 77432K, committed 77568K, reserved 1116160K
  class space    used 9702K, capacity 10895K, committed 11008K, reserved 1048576K
}
Event: 217.716 GC heap before
{Heap before GC invocations=21 (full 4):
 PSYoungGen      total 240128K, used 238649K [0x00000000eab00000, 0x00000000fb780000, 0x0000000100000000)
  eden space 215040K, 100% used [0x00000000eab00000,0x00000000f7d00000,0x00000000f7d00000)
  from space 25088K, 94% used [0x00000000f9880000,0x00000000faf8e770,0x00000000fb100000)
  to   space 28160K, 0% used [0x00000000f7d00000,0x00000000f7d00000,0x00000000f9880000)
 ParOldGen       total 137216K, used 69705K [0x00000000c0000000, 0x00000000c8600000, 0x00000000eab00000)
  object space 137216K, 50% used [0x00000000c0000000,0x00000000c4412570,0x00000000c8600000)
 Metaspace       used 84060K, capacity 87708K, committed 87808K, reserved 1124352K
  class space    used 11081K, capacity 12533K, committed 12544K, reserved 1048576K
Event: 218.083 GC heap after
Heap after GC invocations=21 (full 4):
 PSYoungGen      total 243200K, used 28142K [0x00000000eab00000, 0x00000000fb780000, 0x0000000100000000)
  eden space 215040K, 0% used [0x00000000eab00000,0x00000000eab00000,0x00000000f7d00000)
  from space 28160K, 99% used [0x00000000f7d00000,0x00000000f987bb80,0x00000000f9880000)
  to   space 25088K, 0% used [0x00000000f9880000,0x00000000f9880000,0x00000000fb100000)
 ParOldGen       total 137216K, used 86033K [0x00000000c0000000, 0x00000000c8600000, 0x00000000eab00000)
  object space 137216K, 62% used [0x00000000c0000000,0x00000000c5404418,0x00000000c8600000)
 Metaspace       used 84060K, capacity 87708K, committed 87808K, reserved 1124352K
  class space    used 11081K, capacity 12533K, committed 12544K, reserved 1048576K
}

Deoptimization events (10 events):
Event: 217.016 Thread 0x000000005b84c800 Uncommon trap: reason=array_check action=maybe_recompile pc=0x00000000031236fc method=java.util.ComparableTimSort.binarySort([Ljava/lang/Object;III)V @ 215
Event: 217.178 Thread 0x000000005b84c800 Uncommon trap: reason=array_check action=maybe_recompile pc=0x00000000030ecc7c method=java.util.ComparableTimSort.binarySort([Ljava/lang/Object;III)V @ 183
Event: 217.178 Thread 0x000000005b84c800 Uncommon trap: reason=array_check action=maybe_recompile pc=0x00000000030ecbcc method=java.util.ComparableTimSort.binarySort([Ljava/lang/Object;III)V @ 193
Event: 217.202 Thread 0x000000005b84c800 Uncommon trap: reason=array_check action=maybe_recompile pc=0x00000000030ecc7c method=java.util.ComparableTimSort.binarySort([Ljava/lang/Object;III)V @ 183
Event: 218.130 Thread 0x000000005b84c800 Uncommon trap: reason=class_check action=maybe_recompile pc=0x000000000338e890 method=java.lang.AbstractStringBuilder.append(Ljava/lang/CharSequence;)Ljava/lang/AbstractStringBuilder; @ 26
Event: 218.130 Thread 0x000000005b84c800 Uncommon trap: reason=class_check action=maybe_recompile pc=0x000000000338e890 method=java.lang.AbstractStringBuilder.append(Ljava/lang/CharSequence;)Ljava/lang/AbstractStringBuilder; @ 26
Event: 218.836 Thread 0x000000005b84c800 Uncommon trap: reason=class_check action=maybe_recompile pc=0x000000000445bbe8 method=com.sun.org.apache.xerces.internal.dom.NamedNodeMapImpl.getNamedItem(Ljava/lang/String;)Lorg/w3c/dom/Node; @ 25
Event: 218.836 Thread 0x000000005b84c800 Uncommon trap: reason=class_check action=maybe_recompile pc=0x000000000445bbe8 method=com.sun.org.apache.xerces.internal.dom.NamedNodeMapImpl.getNamedItem(Ljava/lang/String;)Lorg/w3c/dom/Node; @ 25
Event: 218.836 Thread 0x000000005b84c800 Uncommon trap: reason=class_check action=maybe_recompile pc=0x000000000445bbe8 method=com.sun.org.apache.xerces.internal.dom.NamedNodeMapImpl.getNamedItem(Ljava/lang/String;)Lorg/w3c/dom/Node; @ 25
Event: 218.836 Thread 0x000000005b84c800 Uncommon trap: reason=class_check action=maybe_recompile pc=0x000000000445bbe8 method=com.sun.org.apache.xerces.internal.dom.NamedNodeMapImpl.getNamedItem(Ljava/lang/String;)Lorg/w3c/dom/Node; @ 25

Internal exceptions (10 events):
Event: 219.417 Thread 0x000000005b84c800 Exception <a 'java/lang/ArrayIndexOutOfBoundsException'> (0x00000000ee904910) thrown at [C:\workspace\8-2-build-windows-amd64-cygwin\jdk8u31\2394\hotspot\src\share\vm\runtime\sharedRuntime.cpp, line 604]
Event: 219.418 Thread 0x000000005b84c800 Exception <a 'java/lang/ArrayIndexOutOfBoundsException'> (0x00000000ee906568) thrown at [C:\workspace\8-2-build-windows-amd64-cygwin\jdk8u31\2394\hotspot\src\share\vm\runtime\sharedRuntime.cpp, line 604]
Event: 219.424 Thread 0x000000005b84c800 Exception <a 'java/lang/ArrayIndexOutOfBoundsException'> (0x00000000ee91bc90) thrown at [C:\workspace\8-2-build-windows-amd64-cygwin\jdk8u31\2394\hotspot\src\share\vm\runtime\sharedRuntime.cpp, line 604]
Event: 219.425 Thread 0x000000005b84c800 Exception <a 'java/lang/ArrayIndexOutOfBoundsException'> (0x00000000ee91e838) thrown at [C:\workspace\8-2-build-windows-amd64-cygwin\jdk8u31\2394\hotspot\src\share\vm\runtime\sharedRuntime.cpp, line 604]
Event: 219.432 Thread 0x000000005b84c800 Exception <a 'java/lang/ArrayIndexOutOfBoundsException'> (0x00000000ee9352c8) thrown at [C:\workspace\8-2-build-windows-amd64-cygwin\jdk8u31\2394\hotspot\src\share\vm\runtime\sharedRuntime.cpp, line 604]
Event: 219.435 Thread 0x000000005b84c800 Exception <a 'java/lang/ArrayIndexOutOfBoundsException'> (0x00000000ee939ce0) thrown at [C:\workspace\8-2-build-windows-amd64-cygwin\jdk8u31\2394\hotspot\src\share\vm\runtime\sharedRuntime.cpp, line 604]
Event: 219.437 Thread 0x000000005b84c800 Exception <a 'java/lang/ArrayIndexOutOfBoundsException'> (0x00000000ee93f2e0) thrown at [C:\workspace\8-2-build-windows-amd64-cygwin\jdk8u31\2394\hotspot\src\share\vm\runtime\sharedRuntime.cpp, line 604]
Event: 219.437 Thread 0x000000005b84c800 Exception <a 'java/lang/ArrayIndexOutOfBoundsException'> (0x00000000ee941db8) thrown at [C:\workspace\8-2-build-windows-amd64-cygwin\jdk8u31\2394\hotspot\src\share\vm\runtime\sharedRuntime.cpp, line 604]
Event: 219.468 Thread 0x000000005b84c800 Exception <a 'java/lang/ArrayIndexOutOfBoundsException'> (0x00000000eeba02a8) thrown at [C:\workspace\8-2-build-windows-amd64-cygwin\jdk8u31\2394\hotspot\src\share\vm\runtime\sharedRuntime.cpp, line 604]
Event: 219.469 Thread 0x000000005b84c800 Exception <a 'java/lang/ArrayIndexOutOfBoundsException'> (0x00000000eeba5d58) thrown at [C:\workspace\8-2-build-windows-amd64-cygwin\jdk8u31\2394\hotspot\src\share\vm\runtime\sharedRuntime.cpp, line 604]

Events (10 events):
Event: 218.836 Thread 0x000000005b84c800 DEOPT PACKING pc=0x000000000445bbe8 sp=0x000000005989bac0
Event: 218.836 Thread 0x000000005b84c800 DEOPT UNPACKING pc=0x000000000287556a sp=0x000000005989ba90 mode 2
Event: 218.836 Thread 0x000000005b84c800 Uncommon trap: trap_request=0xffffffde fr.pc=0x000000000445bbe8
Event: 218.836 Thread 0x000000005b84c800 DEOPT PACKING pc=0x000000000445bbe8 sp=0x000000005989bac0
Event: 218.836 Thread 0x000000005b84c800 DEOPT UNPACKING pc=0x000000000287556a sp=0x000000005989ba90 mode 2
Event: 218.836 Thread 0x000000005b84c800 Uncommon trap: trap_request=0xffffffde fr.pc=0x000000000445bbe8
Event: 218.836 Thread 0x000000005b84c800 DEOPT PACKING pc=0x000000000445bbe8 sp=0x000000005989bac0
Event: 218.836 Thread 0x000000005b84c800 DEOPT UNPACKING pc=0x000000000287556a sp=0x000000005989ba90 mode 2
Event: 218.976 Executing VM operation: RevokeBias
Event: 218.976 Executing VM operation: RevokeBias done


Dynamic libraries:
0x000000013f2b0000 - 0x000000013f2e4000 	C:\Program Files\Java\jdk1.8.0_31\bin\java.exe
0x00000000773c0000 - 0x000000007756a000 	C:\Windows\SYSTEM32\ntdll.dll
0x00000000772a0000 - 0x00000000773bf000 	C:\Windows\system32\kernel32.dll
0x000007fefd1f0000 - 0x000007fefd25b000 	C:\Windows\system32\KERNELBASE.dll
0x000007fefd500000 - 0x000007fefd5db000 	C:\Windows\system32\ADVAPI32.dll
0x000007feff1d0000 - 0x000007feff26f000 	C:\Windows\system32\msvcrt.dll
0x000007fefdc90000 - 0x000007fefdcaf000 	C:\Windows\SYSTEM32\sechost.dll
0x000007fefdab0000 - 0x000007fefdbdd000 	C:\Windows\system32\RPCRT4.dll
0x00000000771a0000 - 0x000000007729a000 	C:\Windows\system32\USER32.dll
0x000007fefd5e0000 - 0x000007fefd647000 	C:\Windows\system32\GDI32.dll
0x000007fefdbe0000 - 0x000007fefdbee000 	C:\Windows\system32\LPK.dll
0x000007feff100000 - 0x000007feff1ca000 	C:\Windows\system32\USP10.dll
0x000007fefca80000 - 0x000007fefcc74000 	C:\Windows\WinSxS\amd64_microsoft.windows.common-controls_6595b64144ccf1df_6.0.7601.18837_none_fa3b1e3d17594757\COMCTL32.dll
0x000007fefddc0000 - 0x000007fefde31000 	C:\Windows\system32\SHLWAPI.dll
0x000007feff4d0000 - 0x000007feff4fe000 	C:\Windows\system32\IMM32.DLL
0x000007fefdcb0000 - 0x000007fefddb9000 	C:\Windows\system32\MSCTF.dll
0x00000000749c0000 - 0x0000000074a92000 	C:\Program Files\Java\jdk1.8.0_31\jre\bin\msvcr100.dll
0x0000000063480000 - 0x0000000063cda000 	C:\Program Files\Java\jdk1.8.0_31\jre\bin\server\jvm.dll
0x000007fefcdf0000 - 0x000007fefcdf9000 	C:\Windows\system32\WSOCK32.dll
0x000007feff680000 - 0x000007feff6cd000 	C:\Windows\system32\WS2_32.dll
0x000007fefe360000 - 0x000007fefe368000 	C:\Windows\system32\NSI.dll
0x000007fef8e90000 - 0x000007fef8ecb000 	C:\Windows\system32\WINMM.dll
0x0000000077590000 - 0x0000000077597000 	C:\Windows\system32\PSAPI.DLL
0x0000000074ea0000 - 0x0000000074eaf000 	C:\Program Files\Java\jdk1.8.0_31\jre\bin\verify.dll
0x0000000074990000 - 0x00000000749b8000 	C:\Program Files\Java\jdk1.8.0_31\jre\bin\java.dll
0x0000000074e00000 - 0x0000000074e16000 	C:\Program Files\Java\jdk1.8.0_31\jre\bin\zip.dll
0x000007fefe370000 - 0x000007feff0f9000 	C:\Windows\system32\SHELL32.dll
0x000007fefde40000 - 0x000007fefe043000 	C:\Windows\system32\ole32.dll
0x000007fefd150000 - 0x000007fefd15f000 	C:\Windows\system32\profapi.dll
0x000007fefc680000 - 0x000007fefc698000 	C:\Windows\system32\CRYPTSP.dll
0x000007fefc380000 - 0x000007fefc3c7000 	C:\Windows\system32\rsaenh.dll
0x000007fefd420000 - 0x000007fefd43e000 	C:\Windows\system32\USERENV.dll
0x000007fefcfe0000 - 0x000007fefcfef000 	C:\Windows\system32\CRYPTBASE.dll
0x0000000074880000 - 0x000000007489a000 	C:\Program Files\Java\jdk1.8.0_31\jre\bin\net.dll
0x000007fefc620000 - 0x000007fefc675000 	C:\Windows\system32\mswsock.dll
0x000007fefc610000 - 0x000007fefc617000 	C:\Windows\System32\wship6.dll
0x000007fefa3e0000 - 0x000007fefa407000 	C:\Windows\system32\IPHLPAPI.DLL
0x000007fefa3d0000 - 0x000007fefa3db000 	C:\Windows\system32\WINNSI.DLL
0x000007fefa1e0000 - 0x000007fefa1f8000 	C:\Windows\system32\dhcpcsvc.DLL
0x000007fefa0c0000 - 0x000007fefa0d1000 	C:\Windows\system32\dhcpcsvc6.DLL
0x0000000074220000 - 0x0000000074231000 	C:\Program Files\Java\jdk1.8.0_31\jre\bin\nio.dll
0x000007fef84c0000 - 0x000007fef84d2000 	C:\Users\wu\AppData\Local\Temp\native-platform6952300467033366118dir\native-platform.dll
0x000007fefcf80000 - 0x000007fefcfd7000 	C:\Windows\system32\apphelp.dll

VM Arguments:
jvm_args: -XX:MaxPermSize=256m -XX:+HeapDumpOnOutOfMemoryError -Xmx1024m -Dfile.encoding=GBK -Duser.country=CN -Duser.language=zh -Duser.variant 
java_command: org.gradle.launcher.daemon.bootstrap.GradleDaemon 2.2.1 C:\Users\wu\.gradle\daemon 10800000 e7581611-d551-4e99-bcfa-6913a7847686 -XX:MaxPermSize=256m -XX:+HeapDumpOnOutOfMemoryError -Xmx1024m -Dfile.encoding=GBK -Duser.country=CN -Duser.language=zh -Duser.variant
java_class_path (initial): D:\Program Files\Android\Android Studio\gradle\gradle-2.2.1\lib\gradle-launcher-2.2.1.jar
Launcher Type: SUN_STANDARD

Environment Variables:
JAVA_HOME=C:\Program Files\Java\jdk1.8.0_31
CLASSPATH=.;C:\Program Files\Java\jdk1.8.0_31\lib;C:\Program Files\Java\jdk1.8.0_31\lib\tools.jar
PATH=C:\ProgramData\Oracle\Java\javapath;C:\Windows\system32;C:\Windows;C:\Windows\System32\Wbem;C:\Windows\System32\WindowsPowerShell\v1.0\;C:\Program Files\Java\jdk1.8.0_31\bin;C:\Program Files\Java\jdk1.8.0_31\jre\bin
USERNAME=wu
OS=Windows_NT
PROCESSOR_IDENTIFIER=Intel64 Family 6 Model 58 Stepping 9, GenuineIntel



---------------  S Y S T E M  ---------------

OS: Windows 7 , 64 bit Build 7601 Service Pack 1

CPU:total 4 (2 cores per cpu, 2 threads per core) family 6 model 58 stepping 9, cmov, cx8, fxsr, mmx, sse, sse2, sse3, ssse3, sse4.1, sse4.2, popcnt, avx, aes, clmul, erms, ht, tsc, tscinvbit, tscinv

Memory: 4k page, physical 4073836k(34908k free), swap 10110712k(5092k free)

vm_info: Java HotSpot(TM) 64-Bit Server VM (25.31-b07) for windows-amd64 JRE (1.8.0_31-b13), built on Dec 17 2014 21:00:28 by "java_re" with MS VC++ 10.0 (VS2010)

time: Tue Mar 01 01:30:53 2016
elapsed time: 220 seconds (0d 0h 3m 40s)

